[2025-10-08T12:58:20.942Z] [METHOD]: POST /v1/auth/login
[2025-10-08T13:11:03.393Z] [METHOD]: POST /v1/auth/login
[2025-10-08T13:11:11.333Z] [METHOD]: POST /v1/auth/login
[2025-10-08T13:42:32.769Z] [METHOD]: POST /v1/auth/login
[2025-10-08T13:44:50.554Z] [METHOD]: GET /v1/books
[2025-10-08T13:53:02.159Z] [METHOD]: POST /v1/auth/login
[2025-10-08T13:53:13.493Z] [METHOD]: GET /v1/books
[2025-10-08T13:53:45.617Z] [METHOD]: GET /v1/books
[2025-10-08T13:54:12.348Z] [METHOD]: GET /v1/books
[2025-10-08T13:54:36.345Z] [METHOD]: GET /v1/books
[2025-10-08T13:57:38.442Z] [METHOD]: POST /v1/books
[2025-10-08T13:57:58.476Z] [METHOD]: POST /v1/books
[2025-10-08T14:01:19.376Z] [METHOD]: POST /v1/books
[2025-10-08T14:03:15.064Z] [METHOD]: POST /v1/books
[2025-10-08T14:03:47.448Z] [METHOD]: POST /v1/books
[2025-10-08T14:19:12.441Z] [METHOD]: POST /v1/auth/login
[2025-10-08T14:19:28.645Z] [METHOD]: GET /v1/books
[2025-10-08T14:19:38.160Z] [METHOD]: GET /v1/books
[2025-10-08T14:22:45.727Z] [METHOD]: POST /v1/auth/singup
[2025-10-08T19:42:32.947Z] [METHOD]: POST /v1/auth/login
[2025-10-08T19:42:52.365Z] [METHOD]: GET /v1/books
[2025-10-08T20:31:55.524Z] [METHOD]: POST /v1/auth/login
[2025-10-08T20:32:12.672Z] [METHOD]: POST /v1/books/68e66a18f7799023b4342c8a
[2025-10-08T20:32:39.752Z] [METHOD]: GET /v1/books/68e66a18f7799023b4342c8a
[2025-10-08T20:32:54.116Z] [METHOD]: GET /v1/books/1
[2025-10-08T20:33:37.871Z] [METHOD]: GET /v1/books/68e66a18f7799023b4342c8a
[2025-10-08T20:34:05.118Z] [METHOD]: GET /v1/books/68e66a18f7799023b4342c8a
[2025-10-08T20:39:28.865Z] [METHOD]: GET /v1/books/68e66a18f7799023b4342c8a
[2025-10-08T20:40:17.441Z] [METHOD]: GET /v1/books/68e66ab7f7799023b4342c98
[2025-10-08T20:41:28.125Z] [METHOD]: GET /v1/books/68e66ab7f7799023b4342c98
[2025-10-08T20:42:13.111Z] [METHOD]: GET /v1/books/68e66ab7f7799023b4342c98
[2025-10-08T20:44:31.719Z] [METHOD]: GET /v1/books
[2025-10-08T20:44:36.768Z] [METHOD]: POST /v1/auth/login
[2025-10-08T20:44:54.552Z] [METHOD]: GET /v1/books
[2025-10-08T20:46:12.325Z] [METHOD]: GET /v1/books
[2025-10-08T20:52:32.338Z] [METHOD]: POST /v1/auth/login
[2025-10-08T20:52:51.462Z] [METHOD]: POST /v1/books
[2025-10-08T20:57:06.576Z] [METHOD]: POST /v1/books
[2025-10-08T20:57:16.656Z] [METHOD]: POST /v1/books
[2025-10-08T20:59:45.590Z] [METHOD]: POST /v1/books
[2025-10-08T20:59:58.320Z] [METHOD]: POST /v1/books
[2025-10-08T21:00:57.539Z] [METHOD]: POST /v1/books
[2025-10-08T21:01:22.727Z] [METHOD]: POST /v1/books
[2025-10-08T21:07:42.515Z] [METHOD]: POST /v1/auth/login
[2025-10-08T21:08:02.755Z] [METHOD]: POST /v1/books
[2025-10-08T21:09:56.774Z] [METHOD]: POST /v1/books
[2025-10-08T21:10:23.478Z] [METHOD]: POST /v1/books
[2025-10-08T21:10:28.326Z] [METHOD]: GET /v1/books
[2025-10-08T21:18:23.400Z] [METHOD]: POST /v1/auth/login
[2025-10-08T21:18:41.532Z] [METHOD]: POST /v1/books
[2025-10-08T21:21:10.393Z] [METHOD]: POST /v1/books
[2025-10-08T21:21:18.247Z] [METHOD]: POST /v1/books
[2025-10-08T21:23:43.705Z] [METHOD]: POST /v1/books
[2025-10-08T21:50:27.974Z] [METHOD]: POST /v1/auth/login
[2025-10-08T21:51:30.073Z] [METHOD]: DELETE /v1/books/2
[2025-10-08T21:51:58.497Z] [METHOD]: DELETE /v1/books/68e6d2b20c43f66442125ec8
[2025-10-08T21:52:26.144Z] [METHOD]: DELETE /v1/books/68e6d2b20c43f66442125ec8
[2025-10-08T21:52:40.681Z] [METHOD]: DELETE /v1/books/68e6d2b20c43f66442125ec8
[2025-10-08T21:55:25.819Z] [METHOD]: DELETE /v1/books/68e6d2b20c43f66442125ec8
[2025-10-08T21:55:33.403Z] [METHOD]: GET /v1/books/68e66ab7f7799023b4342c98
[2025-10-08T21:55:39.409Z] [METHOD]: POST /v1/auth/login
[2025-10-08T21:56:08.010Z] [METHOD]: DELETE /v1/books/68e6d2b20c43f66442125ec8
[2025-10-08T21:56:27.465Z] [METHOD]: DELETE /v1/books/68e6d2b20c43f66442125ec8
[2025-10-08T21:58:35.345Z] [METHOD]: DELETE /v1/books/68e6d2b20c43f66442125ec8
[2025-10-08T21:58:59.367Z] [METHOD]: DELETE /v1/books/68e66ab7f7799023b4342c98
[2025-10-08T21:59:18.724Z] [METHOD]: POST /v1/books
[2025-10-08T21:59:30.586Z] [METHOD]: POST /v1/books
[2025-10-08T22:04:10.725Z] [METHOD]: POST /v1/books
[2025-10-08T22:04:48.173Z] [METHOD]: POST /v1/books
[2025-10-08T22:05:19.590Z] [METHOD]: POST /v1/auth/login
[2025-10-08T22:05:40.094Z] [METHOD]: POST /v1/books
[2025-10-08T22:05:59.372Z] [METHOD]: POST /v1/books
[2025-10-08T22:06:50.049Z] [METHOD]: GET /v1/books/68e6e0473d4b58157c1c0b25
[2025-10-08T22:07:30.267Z] [METHOD]: GET /v1/books
[2025-10-08T22:18:57.774Z] [METHOD]: POST /v1/auth/login
[2025-10-08T22:19:07.445Z] [METHOD]: POST /v1/auth/login
[2025-10-08T22:21:45.087Z] [METHOD]: POST /v1/books/68e6dfda2637e6c81c8bec9a
[2025-10-08T22:21:51.703Z] [METHOD]: PUT /v1/books/68e6dfda2637e6c81c8bec9a
[2025-10-08T22:23:34.316Z] [METHOD]: PUT /v1/books/68e6dfda2637e6c81c8bec9a
