[2025-10-14T00:07:51.943Z] [METHOD]: POST /v1/books
[2025-10-14T00:10:21.360Z] [METHOD]: POST /v1/auth/singup
[2025-10-14T00:12:30.922Z] [METHOD]: POST /v1/auth/singup
[2025-10-14T00:37:52.099Z] [METHOD]: POST /v1/auth/singup
[2025-10-14T00:38:12.732Z] [METHOD]: POST /v1/auth/login
[2025-10-14T00:38:45.491Z] [METHOD]: GET /v1/books
[2025-10-14T00:39:01.617Z] [METHOD]: GET /v1/books
[2025-10-14T00:39:36.049Z] [METHOD]: POST /v1/books
[2025-10-14T00:39:48.457Z] [METHOD]: POST /v1/books
[2025-10-14T00:40:12.276Z] [METHOD]: POST /v1/books
[2025-10-14T00:40:29.335Z] [METHOD]: POST /v1/auth/login
[2025-10-14T00:40:54.312Z] [METHOD]: POST /v1/books
[2025-10-14T00:41:42.407Z] [METHOD]: POST /v1/auth/singup
[2025-10-14T00:41:59.870Z] [METHOD]: POST /v1/auth/login
[2025-10-14T00:42:23.081Z] [METHOD]: POST /v1/books
[2025-10-14T00:43:52.297Z] [METHOD]: POST /v1/auth/login
[2025-10-14T00:44:26.212Z] [METHOD]: POST /v1/books
[2025-10-14T00:44:59.486Z] [METHOD]: POST /v1/auth/login
[2025-10-14T00:45:07.329Z] [METHOD]: POST /v1/auth/login
[2025-10-14T00:45:28.128Z] [METHOD]: GET /v1/books
[2025-10-14T00:46:32.519Z] [METHOD]: GET /v1/books/68e6deb621a0862e83f5abb0
[2025-10-14T00:47:37.449Z] [METHOD]: PUT /v1/books/68e6deb621a0862e83f5abb0
[2025-10-14T00:47:53.609Z] [METHOD]: GET /v1/books
[2025-10-14T00:48:59.588Z] [METHOD]: DELETE /v1/books/68e6deb621a0862e83f5abb0
[2025-10-14T00:49:07.612Z] [METHOD]: GET /v1/books
[2025-10-14T00:49:51.468Z] [METHOD]: POST /v1/auth/login
[2025-10-14T00:49:58.706Z] [METHOD]: POST /v1/auth/login
[2025-10-14T00:50:34.121Z] [METHOD]: GET /v1/books
[2025-10-14T00:50:42.875Z] [METHOD]: GET /v1/books
[2025-10-14T00:51:47.810Z] [METHOD]: POST /v1/books
[2025-10-14T00:52:38.035Z] [METHOD]: POST /v1/books
[2025-10-14T00:52:40.936Z] [METHOD]: POST /v1/books
[2025-10-14T00:53:46.601Z] [METHOD]: POST /v1/profile/plan
[2025-10-14T00:54:56.068Z] [METHOD]: POST /v1/auth/login
[2025-10-14T00:55:14.990Z] [METHOD]: POST /v1/profile/plan
[2025-10-14T00:57:48.170Z] [METHOD]: POST /v1/books
[2025-10-14T00:58:19.351Z] [METHOD]: POST /v1/books
[2025-10-14T01:05:38.432Z] [METHOD]: POST /v1/books
