[2025-10-06T02:23:51.906Z] [METHOD]: POST /v1/auth/singup
[2025-10-06T04:05:39.679Z] [METHOD]: POST /v1/auth/singup
[2025-10-06T04:07:44.739Z] [METHOD]: POST /v1/auth/singup
[2025-10-06T04:09:05.946Z] [METHOD]: POST /v1/auth/singup
[2025-10-06T04:38:43.980Z] [METHOD]: POST /v1/auth/login
[2025-10-06T05:23:53.327Z] [METHOD]: POST /v1/auth/login
[2025-10-06T05:37:10.541Z] [METHOD]: POST /v1/auth/login
[2025-10-06T05:37:44.704Z] [METHOD]: GET /v1/todos
[2025-10-06T05:38:19.297Z] [METHOD]: GET /v1/todos
[2025-10-06T05:38:31.941Z] [METHOD]: GET /v1/todos
[2025-10-06T05:39:06.052Z] [METHOD]: GET /auth.login
[2025-10-06T05:39:40.159Z] [METHOD]: GET /login
[2025-10-06T05:39:41.530Z] [METHOD]: GET /login
[2025-10-06T05:39:59.526Z] [METHOD]: GET /v1/auth/login
[2025-10-06T05:40:13.850Z] [METHOD]: POST /v1/auth/login
[2025-10-06T05:40:17.925Z] [METHOD]: POST /v1/auth/login
[2025-10-06T05:40:53.765Z] [METHOD]: POST /v1/auth/login
[2025-10-06T05:41:18.644Z] [METHOD]: GET /v1/todos
[2025-10-06T05:41:45.165Z] [METHOD]: GET /v1/books
[2025-10-06T05:48:45.586Z] [METHOD]: POST /v1/auth/login
[2025-10-06T05:49:19.563Z] [METHOD]: GET /v1/books
[2025-10-06T05:53:07.182Z] [METHOD]: POST /books
[2025-10-06T05:53:37.054Z] [METHOD]: POST /books
[2025-10-06T05:53:51.416Z] [METHOD]: POST /books
[2025-10-06T05:54:33.851Z] [METHOD]: POST /v1/books
[2025-10-06T05:55:58.492Z] [METHOD]: GET /v1/books
[2025-10-06T05:57:06.837Z] [METHOD]: GET /v1/books
[2025-10-06T05:57:08.879Z] [METHOD]: GET /v1/books
[2025-10-06T05:57:18.224Z] [METHOD]: POST /v1/books
[2025-10-06T05:57:38.834Z] [METHOD]: POST /v1/auth/login
[2025-10-06T05:57:58.640Z] [METHOD]: GET /v1/books
[2025-10-06T05:58:12.307Z] [METHOD]: POST /v1/books
[2025-10-06T06:02:52.801Z] [METHOD]: POST /v1/books
[2025-10-06T06:03:01.463Z] [METHOD]: GET /v1/books
[2025-10-06T08:51:19.625Z] [METHOD]: POST /v1/auth/login
[2025-10-06T08:51:24.748Z] [METHOD]: POST /v1/auth/login
[2025-10-06T08:51:51.268Z] [METHOD]: POST /v1/auth/login
[2025-10-06T08:51:54.574Z] [METHOD]: POST /v1/auth/login
