[2025-10-09T19:43:52.544Z] [METHOD]: POST /v1/auth/login
[2025-10-09T19:44:17.060Z] [METHOD]: GET /v1/books
[2025-10-09T19:50:29.283Z] [METHOD]: GET /v1/books
[2025-10-09T19:50:57.877Z] [METHOD]: GET /v1/books
[2025-10-09T19:52:07.511Z] [METHOD]: GET /v1/books
[2025-10-09T20:23:14.942Z] [METHOD]: POST /v1/auth/login
[2025-10-09T20:23:38.057Z] [METHOD]: GET /v1/books
[2025-10-09T20:24:11.426Z] [METHOD]: POST /v1/books
[2025-10-09T20:25:22.394Z] [METHOD]: POST /v1/books
[2025-10-09T20:26:07.855Z] [METHOD]: POST /v1/books
[2025-10-09T20:26:23.551Z] [METHOD]: POST /v1/books
[2025-10-09T20:26:36.476Z] [METHOD]: POST /v1/books
[2025-10-09T20:26:58.177Z] [METHOD]: POST /v1/books
[2025-10-09T20:27:06.227Z] [METHOD]: POST /v1/books
[2025-10-09T20:27:31.419Z] [METHOD]: POST /v1/books
[2025-10-09T20:27:43.466Z] [METHOD]: POST /v1/books
[2025-10-09T20:27:57.137Z] [METHOD]: POST /v1/books
[2025-10-09T20:28:19.122Z] [METHOD]: POST /v1/books
[2025-10-09T20:28:30.985Z] [METHOD]: POST /v1/books
[2025-10-09T20:28:51.420Z] [METHOD]: POST /v1/books
[2025-10-09T20:29:02.151Z] [METHOD]: POST /v1/books
[2025-10-09T20:29:17.146Z] [METHOD]: POST /v1/books
[2025-10-09T20:29:25.269Z] [METHOD]: POST /v1/books
[2025-10-09T20:29:32.825Z] [METHOD]: GET /v1/books
[2025-10-09T20:33:58.111Z] [METHOD]: POST /v1/auth/login
[2025-10-09T20:34:26.574Z] [METHOD]: POST /v1/books
[2025-10-09T20:34:34.900Z] [METHOD]: POST /v1/books
[2025-10-09T20:34:42.829Z] [METHOD]: POST /v1/books
[2025-10-09T20:34:58.768Z] [METHOD]: POST /v1/books
[2025-10-09T20:35:10.640Z] [METHOD]: POST /v1/books
[2025-10-09T20:35:19.143Z] [METHOD]: POST /v1/books
[2025-10-09T20:35:29.475Z] [METHOD]: POST /v1/books
[2025-10-09T20:35:37.929Z] [METHOD]: POST /v1/books
[2025-10-09T20:35:47.352Z] [METHOD]: POST /v1/books
[2025-10-09T20:36:06.751Z] [METHOD]: POST /v1/books
[2025-10-09T20:36:15.609Z] [METHOD]: POST /v1/books
[2025-10-09T20:36:24.444Z] [METHOD]: POST /v1/books
[2025-10-09T20:36:32.123Z] [METHOD]: POST /v1/books
[2025-10-09T20:37:05.211Z] [METHOD]: GET /
[2025-10-09T20:37:05.331Z] [METHOD]: GET /health
[2025-10-09T20:37:05.425Z] [METHOD]: GET /ping
[2025-10-09T20:37:05.503Z] [METHOD]: GET /catalogs
[2025-10-09T20:37:05.581Z] [METHOD]: POST /v1/auth/singup
[2025-10-09T20:37:05.657Z] [METHOD]: POST /v1/auth/singup
[2025-10-09T20:41:02.160Z] [METHOD]: GET /
[2025-10-09T20:41:02.293Z] [METHOD]: GET /health
[2025-10-09T20:41:02.387Z] [METHOD]: GET /ping
[2025-10-09T20:41:02.478Z] [METHOD]: GET /catalogs
[2025-10-09T20:41:02.573Z] [METHOD]: POST /v1/auth/singup
[2025-10-09T20:41:02.651Z] [METHOD]: POST /v1/auth/singup
[2025-10-09T20:41:50.799Z] [METHOD]: GET /
[2025-10-09T20:41:50.945Z] [METHOD]: GET /health
[2025-10-09T20:41:51.038Z] [METHOD]: GET /ping
[2025-10-09T20:41:51.100Z] [METHOD]: GET /catalogs
[2025-10-09T20:41:51.193Z] [METHOD]: POST /v1/auth/singup
[2025-10-09T20:41:51.284Z] [METHOD]: POST /v1/auth/singup
[2025-10-09T20:42:02.358Z] [METHOD]: POST /v1/auth/singup
[2025-10-09T20:42:16.844Z] [METHOD]: GET /
[2025-10-09T20:42:16.965Z] [METHOD]: GET /health
[2025-10-09T20:42:17.056Z] [METHOD]: GET /ping
[2025-10-09T20:42:17.132Z] [METHOD]: GET /catalogs
[2025-10-09T20:42:17.224Z] [METHOD]: POST /v1/auth/singup
[2025-10-09T20:42:17.314Z] [METHOD]: POST /v1/auth/singup
[2025-10-09T20:47:32.777Z] [METHOD]: GET /
[2025-10-09T20:47:32.898Z] [METHOD]: GET /health
[2025-10-09T20:47:32.991Z] [METHOD]: GET /ping
[2025-10-09T20:47:33.069Z] [METHOD]: GET /catalogs
[2025-10-09T20:47:33.161Z] [METHOD]: POST /v1/auth/singup
[2025-10-09T20:47:33.252Z] [METHOD]: POST /v1/auth/singup
[2025-10-09T20:48:24.083Z] [METHOD]: GET /
[2025-10-09T20:48:24.204Z] [METHOD]: GET /health
[2025-10-09T20:48:24.296Z] [METHOD]: GET /ping
[2025-10-09T20:48:24.388Z] [METHOD]: GET /catalogs
[2025-10-09T20:48:24.479Z] [METHOD]: POST /v1/auth/singup
[2025-10-09T20:48:24.555Z] [METHOD]: POST /v1/auth/singup
[2025-10-09T20:48:24.839Z] [METHOD]: POST /v1/auth/singup
[2025-10-09T20:48:24.947Z] [METHOD]: POST /v1/auth/login
[2025-10-09T20:48:25.175Z] [METHOD]: POST /v1/auth/login
[2025-10-09T20:48:25.402Z] [METHOD]: GET /v1/books
[2025-10-09T20:48:25.495Z] [METHOD]: GET /v1/books
[2025-10-09T20:48:25.591Z] [METHOD]: POST /v1/books
[2025-10-09T20:48:25.691Z] [METHOD]: GET /v1/books/68e6e0003d4b58157c1c0b18
[2025-10-09T20:48:25.763Z] [METHOD]: PUT /v1/books/68e6dfda2637e6c81c8bec9a
[2025-10-09T20:48:25.854Z] [METHOD]: DELETE /v1/books/
[2025-10-09T20:48:25.933Z] [METHOD]: POST /v1/profile/plan
[2025-10-09T20:48:26.029Z] [METHOD]: POST /v1/profile/plan
